Symbol range map extraction starting
Processing 17 files
startProcessing "com\ewyboy\floatingrails\FloatingRails.java" md5: fc3716a1e2befbcaf2f75c9484ea164b
endProcessing "com\ewyboy\floatingrails\FloatingRails.java"

startProcessing "com\ewyboy\floatingrails\Reference.java" md5: 5bd334fdf0cea8410d04c3557006e44b
endProcessing "com\ewyboy\floatingrails\Reference.java"

startProcessing "com\ewyboy\floatingrails\common\Register.java" md5: 1ef5dd2b738945e3195f6943ef146634
Cache Hit!
endProcessing "com\ewyboy\floatingrails\common\Register.java"

startProcessing "com\ewyboy\floatingrails\common\blocks\BlockFloatingRail.java" md5: 1194fce0d9f47bccb3d929d6367a01e5
Cache Hit!
endProcessing "com\ewyboy\floatingrails\common\blocks\BlockFloatingRail.java"

startProcessing "com\ewyboy\floatingrails\common\blocks\BlockFloatingRailBase.java" md5: 1660ae870368f11f6801f9d69ec36935
Cache Hit!
endProcessing "com\ewyboy\floatingrails\common\blocks\BlockFloatingRailBase.java"

startProcessing "com\ewyboy\floatingrails\common\blocks\BlockFloatingRailLava.java" md5: a6a1a745cc19ba967185b700f039ed4b
Cache Hit!
endProcessing "com\ewyboy\floatingrails\common\blocks\BlockFloatingRailLava.java"

startProcessing "com\ewyboy\floatingrails\common\blocks\BlockMagmaLily.java" md5: f85b773eb55c3e0a817ef3160d813168
Cache Hit!
endProcessing "com\ewyboy\floatingrails\common\blocks\BlockMagmaLily.java"

startProcessing "com\ewyboy\floatingrails\common\items\ItemFloatingRail.java" md5: 11715a3665473561468cba46bc91e301
Cache Hit!
endProcessing "com\ewyboy\floatingrails\common\items\ItemFloatingRail.java"

startProcessing "com\ewyboy\floatingrails\common\items\ItemFloatingRailLava.java" md5: cf1f5dc96fac9db2a2aeb9b54d441a46
Cache Hit!
endProcessing "com\ewyboy\floatingrails\common\items\ItemFloatingRailLava.java"

startProcessing "com\ewyboy\floatingrails\common\items\ItemMagmaLily.java" md5: 9d528fc30f7aa42ff550c6f71a6c246f
Cache Hit!
endProcessing "com\ewyboy\floatingrails\common\items\ItemMagmaLily.java"

startProcessing "com\ewyboy\floatingrails\common\loaders\ConfigLoader.java" md5: e25ea4389b88cc3b76182a1cffb26b9c
Cache Hit!
endProcessing "com\ewyboy\floatingrails\common\loaders\ConfigLoader.java"

startProcessing "com\ewyboy\floatingrails\common\loaders\CreativeTabLoader.java" md5: 01170069326209aa71ad44a738d690f5
Cache Hit!
endProcessing "com\ewyboy\floatingrails\common\loaders\CreativeTabLoader.java"

startProcessing "com\ewyboy\floatingrails\common\loaders\RecipeLoader.java" md5: 49c88c89dd620ddbffd35f815486af5a
endProcessing "com\ewyboy\floatingrails\common\loaders\RecipeLoader.java"

startProcessing "com\ewyboy\floatingrails\common\world\MagmalilyGenerator.java" md5: e03d0aea6550256dac1971c0f5af0dc2
Cache Hit!
endProcessing "com\ewyboy\floatingrails\common\world\MagmalilyGenerator.java"

startProcessing "com\ewyboy\floatingrails\common\world\TheWorldGenerator.java" md5: 36d1acc2c1116bc47179307429e1f7b4
Cache Hit!
endProcessing "com\ewyboy\floatingrails\common\world\TheWorldGenerator.java"

startProcessing "com\ewyboy\floatingrails\proxy\ClientProxy.java" md5: 5358261f0bca0c4339cc6fb9553c78c5
Cache Hit!
endProcessing "com\ewyboy\floatingrails\proxy\ClientProxy.java"

startProcessing "com\ewyboy\floatingrails\proxy\CommonProxy.java" md5: 34b647b43bc80781cd280ef6de00c708
Cache Hit!
endProcessing "com\ewyboy\floatingrails\proxy\CommonProxy.java"

